  [4;36;1mSQL (3.1ms)[0m   [0;1mSET NAMES 'utf8'[0m
  [4;35;1mSQL (0.3ms)[0m   [0mSET SQL_AUTO_IS_NULL=0[0m
  [4;36;1mSQL (91.3ms)[0m   [0;1mSHOW TABLES[0m
  [4;35;1mSQL (186.5ms)[0m   [0mCREATE TABLE `schema_migrations` (`version` varchar(255) NOT NULL) ENGINE=InnoDB[0m
  [4;36;1mSQL (169.0ms)[0m   [0;1mCREATE UNIQUE INDEX `unique_schema_migrations` ON `schema_migrations` (`version`)[0m
  [4;35;1mSQL (3.1ms)[0m   [0mSHOW TABLES[0m
  [4;36;1mSQL (0.8ms)[0m   [0;1mSELECT version FROM schema_migrations[0m
Migrating to CreateItems (20090914183824)
  [4;35;1mSQL (99.2ms)[0m   [0mCREATE TABLE `items` (`id` int(11) DEFAULT NULL auto_increment PRIMARY KEY, `title` varchar(255), `description` text, `created_at` datetime, `updated_at` datetime) ENGINE=InnoDB[0m
  [4;36;1mSQL (1.2ms)[0m   [0;1mINSERT INTO schema_migrations (version) VALUES ('20090914183824')[0m
  [4;35;1mSQL (1.0ms)[0m   [0mSHOW TABLES[0m
  [4;36;1mSQL (0.4ms)[0m   [0;1mSELECT version FROM schema_migrations[0m
  [4;35;1mSQL (1.2ms)[0m   [0mSHOW TABLES[0m
  [4;36;1mSQL (100.8ms)[0m   [0;1mSHOW FIELDS FROM `items`[0m
  [4;35;1mSQL (2.9ms)[0m   [0mdescribe `items`[0m
  [4;36;1mSQL (1.4ms)[0m   [0;1mSHOW KEYS FROM `items`[0m
  [4;36;1mSQL (0.5ms)[0m   [0;1mSET NAMES 'utf8'[0m
  [4;35;1mSQL (0.2ms)[0m   [0mSET SQL_AUTO_IS_NULL=0[0m


Processing ApplicationController#index (for 127.0.0.1 at 2009-09-15 00:17:43) [GET]

ActionController::RoutingError (No route matches "/account" with {:method=>:get}):
  

Rendering rescues/layout (not_found)
  [4;36;1mSQL (0.2ms)[0m   [0;1mSET NAMES 'utf8'[0m
  [4;35;1mSQL (0.2ms)[0m   [0mSET SQL_AUTO_IS_NULL=0[0m


Processing UsersController#index (for 127.0.0.1 at 2009-09-15 00:17:52) [GET]
  Parameters: {"action"=>"index", "controller"=>"users"}

ActionController::UnknownAction (No action responded to index. Actions: create, current_user, logged_in?, login_required, new, and redirect_to_target_or_default):
  

Rendering rescues/layout (not_found)
  [4;36;1mSQL (0.2ms)[0m   [0;1mSET NAMES 'utf8'[0m
  [4;35;1mSQL (0.2ms)[0m   [0mSET SQL_AUTO_IS_NULL=0[0m


Processing SessionsController#new (for 127.0.0.1 at 2009-09-15 00:18:03) [GET]
  Parameters: {"action"=>"new", "controller"=>"sessions"}
Rendering template within layouts/application
Rendering sessions/new
Completed in 150ms (View: 147, DB: 0) | 200 OK [http://localhost/login]
  [4;36;1mSQL (0.3ms)[0m   [0;1mSET NAMES 'utf8'[0m
  [4;35;1mSQL (0.2ms)[0m   [0mSET SQL_AUTO_IS_NULL=0[0m


Processing UsersController#new (for 127.0.0.1 at 2009-09-15 00:18:05) [GET]
  Parameters: {"action"=>"new", "controller"=>"users"}
  [4;36;1mUser Columns (0.0ms)[0m   [0;1mMysql::Error: Table 'vsystem_development.users' doesn't exist: SHOW FIELDS FROM `users`[0m

ActiveRecord::StatementInvalid (Mysql::Error: Table 'vsystem_development.users' doesn't exist: SHOW FIELDS FROM `users`):
  app/controllers/users_controller.rb:3:in `new'
  app/controllers/users_controller.rb:3:in `new'

Rendered rescues/_trace (73.6ms)
Rendered rescues/_request_and_response (2.7ms)
Rendering rescues/layout (internal_server_error)
  [4;36;1mSQL (0.5ms)[0m   [0;1mSET NAMES 'utf8'[0m
  [4;35;1mSQL (0.2ms)[0m   [0mSET SQL_AUTO_IS_NULL=0[0m
  [4;36;1mSQL (1.1ms)[0m   [0;1mSHOW TABLES[0m
  [4;35;1mSQL (0.6ms)[0m   [0mSELECT version FROM schema_migrations[0m
Migrating to CreateItems (20090914183824)
Migrating to CreateUsers (20090914184519)
  [4;36;1mSQL (84.4ms)[0m   [0;1mCREATE TABLE `users` (`id` int(11) DEFAULT NULL auto_increment PRIMARY KEY, `username` varchar(255), `email` varchar(255), `password_hash` varchar(255), `password_salt` varchar(255), `created_at` datetime, `updated_at` datetime) ENGINE=InnoDB[0m
  [4;35;1mSQL (0.8ms)[0m   [0mINSERT INTO schema_migrations (version) VALUES ('20090914184519')[0m
  [4;36;1mSQL (1.1ms)[0m   [0;1mSHOW TABLES[0m
  [4;35;1mSQL (0.7ms)[0m   [0mSELECT version FROM schema_migrations[0m
  [4;36;1mSQL (1.0ms)[0m   [0;1mSHOW TABLES[0m
  [4;35;1mSQL (3.0ms)[0m   [0mSHOW FIELDS FROM `items`[0m
  [4;36;1mSQL (3.9ms)[0m   [0;1mdescribe `items`[0m
  [4;35;1mSQL (2.4ms)[0m   [0mSHOW KEYS FROM `items`[0m
  [4;36;1mSQL (24.0ms)[0m   [0;1mSHOW FIELDS FROM `users`[0m
  [4;35;1mSQL (3.6ms)[0m   [0mdescribe `users`[0m
  [4;36;1mSQL (1.2ms)[0m   [0;1mSHOW KEYS FROM `users`[0m
  [4;35;1mSQL (0.2ms)[0m   [0mSET NAMES 'utf8'[0m
  [4;36;1mSQL (0.2ms)[0m   [0;1mSET SQL_AUTO_IS_NULL=0[0m


Processing UsersController#new (for 127.0.0.1 at 2009-09-15 00:18:22) [GET]
  Parameters: {"action"=>"new", "controller"=>"users"}
  [4;35;1mUser Columns (3.0ms)[0m   [0mSHOW FIELDS FROM `users`[0m
Rendering template within layouts/application
Rendering users/new
Completed in 36ms (View: 23, DB: 3) | 200 OK [http://localhost/signup]
  [4;36;1mSQL (0.2ms)[0m   [0;1mSET NAMES 'utf8'[0m
  [4;35;1mSQL (0.2ms)[0m   [0mSET SQL_AUTO_IS_NULL=0[0m


Processing SessionsController#new (for 127.0.0.1 at 2009-09-15 00:18:24) [GET]
  Parameters: {"action"=>"new", "controller"=>"sessions"}
Rendering template within layouts/application
Rendering sessions/new
Completed in 8ms (View: 5, DB: 0) | 200 OK [http://localhost/login]
  [4;36;1mSQL (0.3ms)[0m   [0;1mSET NAMES 'utf8'[0m
  [4;35;1mSQL (0.2ms)[0m   [0mSET SQL_AUTO_IS_NULL=0[0m


Processing SessionsController#create (for 127.0.0.1 at 2009-09-15 00:18:26) [POST]
  Parameters: {"commit"=>"Log in", "action"=>"create", "authenticity_token"=>"oGF2dTWR4Euv4n0FUhb4LonJ5F2ALoGndqFnsYrS/gY=", "controller"=>"sessions", "login"=>"", "password"=>"[FILTERED]"}
  [4;36;1mUser Columns (2.9ms)[0m   [0;1mSHOW FIELDS FROM `users`[0m
  [4;35;1mUser Load (23.2ms)[0m   [0mSELECT * FROM `users` WHERE (`users`.`username` = '') LIMIT 1[0m
  [4;36;1mUser Load (0.6ms)[0m   [0;1mSELECT * FROM `users` WHERE (`users`.`email` = '') LIMIT 1[0m
Rendering template within layouts/application
Rendering sessions/new
Completed in 80ms (View: 3, DB: 27) | 200 OK [http://localhost/sessions]
  [4;35;1mSQL (0.2ms)[0m   [0mSET NAMES 'utf8'[0m
  [4;36;1mSQL (0.2ms)[0m   [0;1mSET SQL_AUTO_IS_NULL=0[0m


Processing UsersController#new (for 127.0.0.1 at 2009-09-15 00:18:35) [GET]
  Parameters: {"action"=>"new", "controller"=>"users"}
  [4;35;1mUser Columns (2.9ms)[0m   [0mSHOW FIELDS FROM `users`[0m
Rendering template within layouts/application
Rendering users/new
Completed in 24ms (View: 10, DB: 3) | 200 OK [http://localhost/signup]
  [4;36;1mSQL (0.2ms)[0m   [0;1mSET NAMES 'utf8'[0m
  [4;35;1mSQL (0.2ms)[0m   [0mSET SQL_AUTO_IS_NULL=0[0m


Processing ItemsController#index (for 127.0.0.1 at 2009-09-15 00:18:59) [GET]
  Parameters: {"action"=>"index", "controller"=>"items"}
  [4;36;1mItem Load (0.7ms)[0m   [0;1mSELECT * FROM `items` [0m
Rendering template within layouts/application
Rendering items/index
Completed in 29ms (View: 19, DB: 1) | 200 OK [http://localhost/items]
  [4;35;1mSQL (0.2ms)[0m   [0mSET NAMES 'utf8'[0m
  [4;36;1mSQL (0.2ms)[0m   [0;1mSET SQL_AUTO_IS_NULL=0[0m


Processing ItemsController#new (for 127.0.0.1 at 2009-09-15 00:19:00) [GET]
  Parameters: {"action"=>"new", "controller"=>"items"}
  [4;35;1mItem Columns (2.8ms)[0m   [0mSHOW FIELDS FROM `items`[0m
Rendering template within layouts/application
Rendering items/new
Rendered items/_form (5.7ms)
Completed in 32ms (View: 21, DB: 3) | 200 OK [http://localhost/items/new]
  [4;36;1mSQL (0.3ms)[0m   [0;1mSET NAMES 'utf8'[0m
  [4;35;1mSQL (0.3ms)[0m   [0mSET SQL_AUTO_IS_NULL=0[0m


Processing ItemsController#index (for 127.0.0.1 at 2009-09-15 00:19:03) [GET]
  Parameters: {"action"=>"index", "controller"=>"items"}
  [4;36;1mItem Load (4.6ms)[0m   [0;1mSELECT * FROM `items` [0m
Rendering template within layouts/application
Rendering items/index
Completed in 18ms (View: 4, DB: 5) | 200 OK [http://localhost/items]
  [4;35;1mSQL (0.2ms)[0m   [0mSET NAMES 'utf8'[0m
  [4;36;1mSQL (0.2ms)[0m   [0;1mSET SQL_AUTO_IS_NULL=0[0m


Processing ProductsController#index (for 127.0.0.1 at 2009-09-15 00:28:35) [GET]
  Parameters: {"action"=>"index", "controller"=>"products"}
Rendering template within layouts/application
Rendering products/index
Completed in 14ms (View: 11, DB: 0) | 200 OK [http://localhost/]
  [4;35;1mSQL (0.2ms)[0m   [0mSET NAMES 'utf8'[0m
  [4;36;1mSQL (0.2ms)[0m   [0;1mSET SQL_AUTO_IS_NULL=0[0m


Processing SessionsController#new (for 127.0.0.1 at 2009-09-15 00:34:43) [GET]
  Parameters: {"action"=>"new", "controller"=>"sessions"}
Rendering template within layouts/application
Rendering sessions/new
Completed in 29ms (View: 25, DB: 0) | 200 OK [http://localhost/login]
  [4;35;1mSQL (0.4ms)[0m   [0mSET NAMES 'utf8'[0m
  [4;36;1mSQL (0.2ms)[0m   [0;1mSET SQL_AUTO_IS_NULL=0[0m


Processing SessionsController#create (for 127.0.0.1 at 2009-09-15 00:34:45) [POST]
  Parameters: {"commit"=>"Log in", "action"=>"create", "authenticity_token"=>"oGF2dTWR4Euv4n0FUhb4LonJ5F2ALoGndqFnsYrS/gY=", "controller"=>"sessions", "login"=>"", "password"=>"[FILTERED]"}
  [4;35;1mUser Columns (5.1ms)[0m   [0mSHOW FIELDS FROM `users`[0m
  [4;36;1mUser Load (1.3ms)[0m   [0;1mSELECT * FROM `users` WHERE (`users`.`username` = '') LIMIT 1[0m
  [4;35;1mUser Load (0.6ms)[0m   [0mSELECT * FROM `users` WHERE (`users`.`email` = '') LIMIT 1[0m
Rendering template within layouts/application
Rendering sessions/new
Completed in 34ms (View: 15, DB: 7) | 200 OK [http://localhost/sessions]
  [4;36;1mSQL (0.2ms)[0m   [0;1mSET NAMES 'utf8'[0m
  [4;35;1mSQL (0.2ms)[0m   [0mSET SQL_AUTO_IS_NULL=0[0m


Processing UsersController#new (for 127.0.0.1 at 2009-09-15 00:34:48) [GET]
  Parameters: {"action"=>"new", "controller"=>"users"}
  [4;36;1mUser Columns (3.1ms)[0m   [0;1mSHOW FIELDS FROM `users`[0m
Rendering template within layouts/application
Rendering users/new
Completed in 35ms (View: 19, DB: 4) | 200 OK [http://localhost/signup]
  [4;35;1mSQL (0.3ms)[0m   [0mSET NAMES 'utf8'[0m
  [4;36;1mSQL (0.2ms)[0m   [0;1mSET SQL_AUTO_IS_NULL=0[0m


Processing UsersController#create (for 127.0.0.1 at 2009-09-15 00:35:08) [POST]
  Parameters: {"user"=>{"password_confirmation"=>"[FILTERED]", "username"=>"rajib", "password"=>"[FILTERED]", "email"=>"rchowdhuru@rajib.com"}, "commit"=>"Sign up", "action"=>"create", "authenticity_token"=>"oGF2dTWR4Euv4n0FUhb4LonJ5F2ALoGndqFnsYrS/gY=", "controller"=>"users"}
  [4;35;1mUser Columns (2.8ms)[0m   [0mSHOW FIELDS FROM `users`[0m
  [4;36;1mSQL (14.3ms)[0m   [0;1mBEGIN[0m
  [4;35;1mUser Exists (26.6ms)[0m   [0mSELECT `users`.id FROM `users` WHERE (`users`.`username` = BINARY 'rajib') LIMIT 1[0m
  [4;36;1mUser Exists (0.8ms)[0m   [0;1mSELECT `users`.id FROM `users` WHERE (`users`.`email` = BINARY 'rchowdhuru@rajib.com') LIMIT 1[0m
  [4;35;1mUser Create (13.4ms)[0m   [0mINSERT INTO `users` (`updated_at`, `username`, `password_salt`, `password_hash`, `email`, `created_at`) VALUES('2009-09-14 19:05:08', 'rajib', 'b72b64fedd1e2515f328204e506da33547959f10', 'ebce0f77ebe9a8be876050e18ac0efb7091a4539', 'rchowdhuru@rajib.com', '2009-09-14 19:05:08')[0m
  [4;36;1mSQL (7.8ms)[0m   [0;1mCOMMIT[0m
Redirected to http://localhost:3000/
Completed in 262ms (DB: 66) | 302 Found [http://localhost/users]
  [4;35;1mSQL (0.2ms)[0m   [0mSET NAMES 'utf8'[0m
  [4;36;1mSQL (0.3ms)[0m   [0;1mSET SQL_AUTO_IS_NULL=0[0m


Processing ProductsController#index (for 127.0.0.1 at 2009-09-15 00:35:08) [GET]
  Parameters: {"action"=>"index", "controller"=>"products"}
Rendering template within layouts/application
Rendering products/index
Completed in 6ms (View: 3, DB: 0) | 200 OK [http://localhost/]
  [4;35;1mSQL (0.3ms)[0m   [0mSET NAMES 'utf8'[0m
  [4;36;1mSQL (0.2ms)[0m   [0;1mSET SQL_AUTO_IS_NULL=0[0m


Processing ProductsController#index (for 127.0.0.1 at 2009-09-15 00:35:14) [GET]
  Parameters: {"action"=>"index", "controller"=>"products"}
Rendering template within layouts/application
Rendering products/index
Completed in 6ms (View: 3, DB: 0) | 200 OK [http://localhost/]
  [4;35;1mSQL (0.2ms)[0m   [0mSET NAMES 'utf8'[0m
  [4;36;1mSQL (0.2ms)[0m   [0;1mSET SQL_AUTO_IS_NULL=0[0m


Processing SessionsController#destroy (for 127.0.0.1 at 2009-09-15 00:35:19) [GET]
  Parameters: {"action"=>"destroy", "controller"=>"sessions"}
Redirected to http://localhost:3000/
Completed in 4ms (DB: 0) | 302 Found [http://localhost/logout]
  [4;35;1mSQL (0.3ms)[0m   [0mSET NAMES 'utf8'[0m
  [4;36;1mSQL (0.2ms)[0m   [0;1mSET SQL_AUTO_IS_NULL=0[0m


Processing ProductsController#index (for 127.0.0.1 at 2009-09-15 00:35:19) [GET]
  Parameters: {"action"=>"index", "controller"=>"products"}
Rendering template within layouts/application
Rendering products/index
Completed in 10ms (View: 6, DB: 1) | 200 OK [http://localhost/]
  [4;35;1mSQL (0.3ms)[0m   [0mSET NAMES 'utf8'[0m
  [4;36;1mSQL (0.4ms)[0m   [0;1mSET SQL_AUTO_IS_NULL=0[0m


Processing SessionsController#new (for 127.0.0.1 at 2009-09-15 00:35:24) [GET]
  Parameters: {"action"=>"new", "controller"=>"sessions"}
Rendering template within layouts/application
Rendering sessions/new
Completed in 7ms (View: 4, DB: 1) | 200 OK [http://localhost/login]
  [4;35;1mSQL (0.2ms)[0m   [0mSET NAMES 'utf8'[0m
  [4;36;1mSQL (0.6ms)[0m   [0;1mSET SQL_AUTO_IS_NULL=0[0m


Processing SessionsController#create (for 127.0.0.1 at 2009-09-15 00:35:35) [POST]
  Parameters: {"commit"=>"Log in", "action"=>"create", "authenticity_token"=>"oGF2dTWR4Euv4n0FUhb4LonJ5F2ALoGndqFnsYrS/gY=", "controller"=>"sessions", "login"=>"rajib", "password"=>"[FILTERED]"}
  [4;35;1mUser Columns (3.0ms)[0m   [0mSHOW FIELDS FROM `users`[0m
  [4;36;1mUser Load (1.4ms)[0m   [0;1mSELECT * FROM `users` WHERE (`users`.`username` = 'rajib') LIMIT 1[0m
Redirected to http://localhost:3000/
Completed in 18ms (DB: 5) | 302 Found [http://localhost/sessions]
  [4;35;1mSQL (0.2ms)[0m   [0mSET NAMES 'utf8'[0m
  [4;36;1mSQL (0.3ms)[0m   [0;1mSET SQL_AUTO_IS_NULL=0[0m


Processing ProductsController#index (for 127.0.0.1 at 2009-09-15 00:35:36) [GET]
  Parameters: {"action"=>"index", "controller"=>"products"}
Rendering template within layouts/application
Rendering products/index
Completed in 26ms (View: 7, DB: 0) | 200 OK [http://localhost/]
  [4;35;1mSQL (0.2ms)[0m   [0mSET NAMES 'utf8'[0m
  [4;36;1mSQL (0.2ms)[0m   [0;1mSET SQL_AUTO_IS_NULL=0[0m


Processing SessionsController#destroy (for 127.0.0.1 at 2009-09-15 00:35:48) [GET]
  Parameters: {"action"=>"destroy", "controller"=>"sessions"}
Redirected to http://localhost:3000/
Completed in 3ms (DB: 0) | 302 Found [http://localhost/logout]
  [4;35;1mSQL (0.2ms)[0m   [0mSET NAMES 'utf8'[0m
  [4;36;1mSQL (0.2ms)[0m   [0;1mSET SQL_AUTO_IS_NULL=0[0m


Processing ProductsController#index (for 127.0.0.1 at 2009-09-15 00:35:48) [GET]
  Parameters: {"action"=>"index", "controller"=>"products"}
Rendering template within layouts/application
Rendering products/index
Completed in 13ms (View: 4, DB: 0) | 200 OK [http://localhost/]
